<?xml version="1.0" encoding="UTF-8"?>
<testsuites tests="2" failures="2" errors="0" time="38.012038">
	<testsuite tests="0" failures="0" time="0.000000" name="github.com/DataDog/datadog-agent/test/new-e2e/tests/installer/agent" timestamp="2025-10-09T13:17:49+02:00">
		<properties>
			<property name="go.version" value="go1.24.7 darwin/arm64"></property>
		</properties>
	</testsuite>
	<testsuite tests="0" failures="0" time="0.000000" name="github.com/DataDog/datadog-agent/test/new-e2e/tests/installer/fakefleetbackend" timestamp="2025-10-09T13:17:49+02:00">
		<properties>
			<property name="go.version" value="go1.24.7 darwin/arm64"></property>
		</properties>
	</testsuite>
	<testsuite tests="0" failures="0" time="0.000000" name="github.com/DataDog/datadog-agent/test/new-e2e/tests/installer/host" timestamp="2025-10-09T13:17:49+02:00">
		<properties>
			<property name="go.version" value="go1.24.7 darwin/arm64"></property>
		</properties>
	</testsuite>
	<testsuite tests="0" failures="0" time="1.633000" name="github.com/DataDog/datadog-agent/test/new-e2e/tests/installer/script" timestamp="2025-10-09T13:17:49+02:00">
		<properties>
			<property name="go.version" value="go1.24.7 darwin/arm64"></property>
		</properties>
	</testsuite>
	<testsuite tests="2" failures="2" time="20.668000" name="github.com/DataDog/datadog-agent/test/new-e2e/tests/installer/unix" timestamp="2025-10-09T13:17:49+02:00">
		<properties>
			<property name="go.version" value="go1.24.7 darwin/arm64"></property>
		</properties>
		<testcase classname="github.com/DataDog/datadog-agent/test/new-e2e/tests/installer/unix" name="TestPackages/config_ubuntu_24_04_arm64_install_script" time="-0.000000">
			<failure message="Failed" type="">=== RUN   TestPackages/config_ubuntu_24_04_arm64_install_script&#xA;=== PAUSE TestPackages/config_ubuntu_24_04_arm64_install_script&#xA;=== CONT  TestPackages/config_ubuntu_24_04_arm64_install_script&#xA;key [stack_name_suffix] not found in envValueStoreKey, converting to `strings.ToUpper(E2E_&lt;key&gt;)`&#xA;    suite.go:604: Suite session output directory: /Users/arthur.bellal/e2e-output/TestPackages/config_ubuntu_24_04_arm64_install_script_2025_10_09_13_18_09_2301366460&#xA;    suite.go:386: Updating environment with new provisioners&#xA;    suite.go:413: Provisioning environment stack config_ubuntu_24_04_arm64_install_script with provisioner aws-ec2vm-vm&#xA;Creating workspace for stack: abellal-config-ubuntu-24-04-arm64-install-script at /var/folders/nl/nkxb4vgn36qc6xnt1nn1dlx40000gp/T/pulumi-workspace/8af86fe57d78fec0&#xA;Using AMI ami-026fccd88446aa0bf&#xA; for stack abellal-config-ubuntu-24-04-arm64-install-script&#xA;signal: interrupt&#xA;</failure>
		</testcase>
		<testcase classname="github.com/DataDog/datadog-agent/test/new-e2e/tests/installer/unix" name="TestPackages" time="-0.000000">
			<failure message="Failed" type="">=== RUN   TestPackages&#xA;    all_packages.go:38: FLEET_INSTALL_METHOD is not set or has an unsupported value. Supported values are: [ansible install_script windows]&#xA;    all_packages.go:39: Using default install method: install_script&#xA;=== RUN   TestPackages/config_ubuntu_24_04_arm64_install_script&#xA;=== PAUSE TestPackages/config_ubuntu_24_04_arm64_install_script&#xA;=== CONT  TestPackages/config_ubuntu_24_04_arm64_install_script&#xA;key [stack_name_suffix] not found in envValueStoreKey, converting to `strings.ToUpper(E2E_&lt;key&gt;)`&#xA;    suite.go:604: Suite session output directory: /Users/arthur.bellal/e2e-output/TestPackages/config_ubuntu_24_04_arm64_install_script_2025_10_09_13_18_09_2301366460&#xA;    suite.go:386: Updating environment with new provisioners&#xA;    suite.go:413: Provisioning environment stack config_ubuntu_24_04_arm64_install_script with provisioner aws-ec2vm-vm&#xA;Creating workspace for stack: abellal-config-ubuntu-24-04-arm64-install-script at /var/folders/nl/nkxb4vgn36qc6xnt1nn1dlx40000gp/T/pulumi-workspace/8af86fe57d78fec0&#xA;Using AMI ami-026fccd88446aa0bf&#xA; for stack abellal-config-ubuntu-24-04-arm64-install-script&#xA;signal: interrupt&#xA;</failure>
		</testcase>
	</testsuite>
	<testsuite tests="0" failures="0" time="0.000000" name="github.com/DataDog/datadog-agent/test/new-e2e/tests/installer/windows" timestamp="2025-10-09T13:17:49+02:00">
		<properties>
			<property name="go.version" value="go1.24.7 darwin/arm64"></property>
		</properties>
	</testsuite>
	<testsuite tests="0" failures="0" time="0.000000" name="github.com/DataDog/datadog-agent/test/new-e2e/tests/installer/windows/consts" timestamp="2025-10-09T13:17:49+02:00">
		<properties>
			<property name="go.version" value="go1.24.7 darwin/arm64"></property>
		</properties>
	</testsuite>
	<testsuite tests="0" failures="0" time="0.000000" name="github.com/DataDog/datadog-agent/test/new-e2e/tests/installer/windows/remote-host-assertions" timestamp="2025-10-09T13:17:49+02:00">
		<properties>
			<property name="go.version" value="go1.24.7 darwin/arm64"></property>
		</properties>
	</testsuite>
	<testsuite tests="0" failures="0" time="0.000000" name="github.com/DataDog/datadog-agent/test/new-e2e/tests/installer/windows/suite-assertions" timestamp="2025-10-09T13:17:49+02:00">
		<properties>
			<property name="go.version" value="go1.24.7 darwin/arm64"></property>
		</properties>
	</testsuite>
	<testsuite tests="0" failures="0" time="4.046000" name="github.com/DataDog/datadog-agent/test/new-e2e/tests/installer/windows/suites/agent-package" timestamp="2025-10-09T13:17:49+02:00">
		<properties>
			<property name="go.version" value="go1.24.7 darwin/arm64"></property>
		</properties>
	</testsuite>
	<testsuite tests="0" failures="0" time="5.435000" name="github.com/DataDog/datadog-agent/test/new-e2e/tests/installer/windows/suites/apm-library-dotnet-package" timestamp="2025-10-09T13:17:49+02:00">
		<properties>
			<property name="go.version" value="go1.24.7 darwin/arm64"></property>
		</properties>
	</testsuite>
	<testsuite tests="0" failures="0" time="6.855000" name="github.com/DataDog/datadog-agent/test/new-e2e/tests/installer/windows/suites/ddot-package" timestamp="2025-10-09T13:17:49+02:00">
		<properties>
			<property name="go.version" value="go1.24.7 darwin/arm64"></property>
		</properties>
	</testsuite>
	<testsuite tests="0" failures="0" time="8.193000" name="github.com/DataDog/datadog-agent/test/new-e2e/tests/installer/windows/suites/install-exe" timestamp="2025-10-09T13:17:49+02:00">
		<properties>
			<property name="go.version" value="go1.24.7 darwin/arm64"></property>
		</properties>
	</testsuite>
	<testsuite tests="0" failures="0" time="1.734000" name="github.com/DataDog/datadog-agent/test/new-e2e/tests/installer/windows/suites/install-script" timestamp="2025-10-09T13:17:49+02:00">
		<properties>
			<property name="go.version" value="go1.24.7 darwin/arm64"></property>
		</properties>
	</testsuite>
	<testsuite tests="0" failures="0" time="2.925000" name="github.com/DataDog/datadog-agent/test/new-e2e/tests/installer/windows/suites/installer-package" timestamp="2025-10-09T13:17:49+02:00">
		<properties>
			<property name="go.version" value="go1.24.7 darwin/arm64"></property>
		</properties>
	</testsuite>
</testsuites>