<?xml version="1.0" encoding="UTF-8"?>
<testsuites tests="0" failures="0" errors="1" time="0.093680"></testsuites>