<testsuites tests="13" failures="1" errors="0" time="1.440167">
	<testsuite tests="11" failures="0" time="0.000000" name="github.com/DataDog/datadog-agent/pkg/process/util/api" timestamp="2024-03-14T09:40:59+01:00">
		<properties>
			<property name="go.version" value="go1.22.0 darwin/arm64" />
		</properties>
		<testcase classname="github.com/DataDog/datadog-agent/pkg/process/util/api" name="TestWeightedQueue" time="0.000000" />
		<testcase classname="github.com/DataDog/datadog-agent/pkg/process/util/api" name="TestWeightedQueuePollInterruptMultiple" time="0.500000" />
		<testcase classname="github.com/DataDog/datadog-agent/pkg/process/util/api" name="TestWeightedQueuePollBlocking" time="0.500000" />
		<testcase classname="github.com/DataDog/datadog-agent/pkg/process/util/api" name="TestWeightedQueueItemsEvicted" time="0.000000" />
		<testcase classname="github.com/DataDog/datadog-agent/pkg/process/util/api" name="TestWeightedQueueItemsEvictedByType" time="0.000000" />
		<testcase classname="github.com/DataDog/datadog-agent/pkg/process/util/api" name="TestWeightedQueueItemsEvictedFromHead" time="0.000000" />
		<testcase classname="github.com/DataDog/datadog-agent/pkg/process/util/api" name="TestWeightedQueueItemsEvictedByTypeForWeight" time="0.000000" />
		<testcase classname="github.com/DataDog/datadog-agent/pkg/process/util/api" name="TestWeightedQueueItemsEvictedForWeight" time="0.000000" />
		<testcase classname="github.com/DataDog/datadog-agent/pkg/process/util/api" name="TestWeightedQueueAvailableWeightCorrectlySetEvictingItemsOfSameType" time="0.000000" />
		<testcase classname="github.com/DataDog/datadog-agent/pkg/process/util/api" name="TestWeightedQueueAvailableWeightCorrectlySetEvictingItemsOfDifferentType" time="0.000000" />
		<testcase classname="github.com/DataDog/datadog-agent/pkg/process/util/api" name="TestWeightedQueueAvailableWeightDecreasedAfterPoll" time="0.000000" />
	</testsuite>
	<testsuite tests="2" failures="1" time="0.335000" name="github.com/DataDog/datadog-agent/pkg/process/util/api/config" timestamp="2024-03-14T09:40:59+01:00">
		<properties>
			<property name="go.version" value="go1.22.0 darwin/arm64" />
		</properties>
		<testcase classname="github.com/DataDog/datadog-agent/pkg/process/util/api/config" name="TestCcPanic" time="-0.000000">
			<failure message="Failed" type="">=== RUN   TestCcPanic
panic: !!! ahhhhh i'm panicing !!!

goroutine 36 [running]:
github.com/DataDog/datadog-agent/pkg/process/util/api/config.TestCcPanic.func1()
	/Users/celian.raimbault/go/src/github.com/DataDog/datadog-agent/pkg/process/util/api/config/endpoint_test.go:22 +0x2c
created by github.com/DataDog/datadog-agent/pkg/process/util/api/config.TestCcPanic in goroutine 35
	/Users/celian.raimbault/go/src/github.com/DataDog/datadog-agent/pkg/process/util/api/config/endpoint_test.go:21 +0x24
</failure>
		</testcase>
		<testcase classname="github.com/DataDog/datadog-agent/pkg/process/util/api/config" name="TestEverythingIsFine" time="0.000000" />
	</testsuite>
	<testsuite tests="0" failures="0" time="0.000000" name="github.com/DataDog/datadog-agent/pkg/process/util/api/headers" timestamp="2024-03-14T09:40:59+01:00">
		<properties>
			<property name="go.version" value="go1.22.0 darwin/arm64" />
		</properties>
	</testsuite>
<flavor>base</flavor></testsuites>